2017-10-29 06:33:50 +0000  Initial pipeline context: <IDEDistributionProcessingPipelineContext: 0x7f8a89682a40; archive(resolved)='<IDEArchive: 0x7f8a8cec6e30>', distributionTask(resolved)='2', distributionMethod(resolved)='<IDEDistributionMethodiOSEnterprise: 0x7f8a8a6ed5b0>', team(resolved)='<IDEProvisioningBasicTeam 0x7f8aa3542980: teamID: 5M43B9PR5H, teamName: Lianxiang network technology jinan co., LTD>'>
	Chain (11, self inclusive):
	<IDEDistributionProcessingPipelineContext: 0x7f8a89682a40; archive = '<IDEArchive: 0x7f8a8cec6e30>', distributionMethod='<IDEDistributionMethodiOSEnterprise: 0x7f8a8a6ed5b0>', team='<IDEProvisioningBasicTeam 0x7f8aa3542980: teamID: 5M43B9PR5H, teamName: Lianxiang network technology jinan co., LTD>'>
	<IDEDistributionProcessingPipelineContext: 0x7f8aa3c918b0; archive = '<IDEArchive: 0x7f8a8cec6e30>', distributionMethod='<IDEDistributionMethodiOSEnterprise: 0x7f8a8a6ed5b0>', team='<IDEProvisioningBasicTeam 0x7f8aa3542980: teamID: 5M43B9PR5H, teamName: Lianxiang network technology jinan co., LTD>'>
	<IDEDistributionContext: 0x7f8aa3139350; archive = '<IDEArchive: 0x7f8a8cec6e30>', distributionMethod='<IDEDistributionMethodiOSEnterprise: 0x7f8a8a6ed5b0>', team='<IDEProvisioningBasicTeam 0x7f8aa3542980: teamID: 5M43B9PR5H, teamName: Lianxiang network technology jinan co., LTD>'>
	<IDEDistributionContext: 0x7f8aa4374760; archive = '<IDEArchive: 0x7f8a8cec6e30>', distributionMethod='<IDEDistributionMethodiOSEnterprise: 0x7f8a8a6ed5b0>', team='<IDEProvisioningBasicTeam 0x7f8aa3542980: teamID: 5M43B9PR5H, teamName: Lianxiang network technology jinan co., LTD>'>
	<IDEDistributionContext: 0x7f8aa0fcf5b0; archive = '<IDEArchive: 0x7f8a8cec6e30>', distributionMethod='<IDEDistributionMethodiOSEnterprise: 0x7f8a8a6ed5b0>', team='<IDEProvisioningBasicTeam 0x7f8aa3542980: teamID: 5M43B9PR5H, teamName: Lianxiang network technology jinan co., LTD>'>
	<IDEDistributionContext: 0x7f8aa3725c70; archive = '<IDEArchive: 0x7f8a8cec6e30>', distributionMethod='<IDEDistributionMethodiOSEnterprise: 0x7f8a8a6ed5b0>', team='<IDEProvisioningBasicTeam 0x7f8aa3542980: teamID: 5M43B9PR5H, teamName: Lianxiang network technology jinan co., LTD>'>
	<IDEDistributionContext: 0x7f8a8cea4a70; archive = '<IDEArchive: 0x7f8a8cec6e30>', distributionMethod='<IDEDistributionMethodiOSEnterprise: 0x7f8a8a6ed5b0>', team='<IDEProvisioningBasicTeam 0x7f8aa3542980: teamID: 5M43B9PR5H, teamName: Lianxiang network technology jinan co., LTD>'>
	<IDEDistributionContext: 0x7f8a8853cc10; archive = '<IDEArchive: 0x7f8a8cec6e30>', distributionMethod='<IDEDistributionMethodiOSEnterprise: 0x7f8a8a6ed5b0>', team='<IDEProvisioningBasicTeam 0x7f8aa3542980: teamID: 5M43B9PR5H, teamName: Lianxiang network technology jinan co., LTD>'>
	<IDEDistributionContext: 0x7f8aa31b0b80; archive = '<IDEArchive: 0x7f8a8cec6e30>', distributionMethod='<IDEDistributionMethodiOSEnterprise: 0x7f8a8a6ed5b0>', team='<IDEProvisioningBasicTeam 0x7f8aa3542980: teamID: 5M43B9PR5H, teamName: Lianxiang network technology jinan co., LTD>'>
	<IDEDistributionContext: 0x7f8aa24df510; archive = '<IDEArchive: 0x7f8a8cec6e30>', distributionMethod='<IDEDistributionMethodiOSEnterprise: 0x7f8a8a6ed5b0>', team='(null)'>
	<IDEDistributionContext: 0x7f8aa60d33d0; archive = '<IDEArchive: 0x7f8a8cec6e30>', distributionMethod='(null)', team='(null)'>
</IDEDistributionProcessingPipelineContext: 0x7f8a89682a40>
2017-10-29 06:33:50 +0000  Processing step: IDEDistributionCreateDestRootStep
2017-10-29 06:33:50 +0000  Processing step: IDEDistributionCopyItemStep
2017-10-29 06:33:50 +0000  Running /usr/bin/ditto '-V' '/Users/apple/Library/Developer/Xcode/Archives/2017-10-29/MaiBaTe 2017-10-29 下午2.33.xcarchive/Products/Applications/MaiBaTe.app' '/var/folders/kn/ckf672752fl2z368n7nsk0x40000gn/T/XcodeDistPipeline.sd8/Root/Payload/MaiBaTe.app'
2017-10-29 06:33:50 +0000  >>> Copying /Users/apple/Library/Developer/Xcode/Archives/2017-10-29/MaiBaTe 2017-10-29 下午2.33.xcarchive/Products/Applications/MaiBaTe.app 
2017-10-29 06:33:50 +0000  copying file ./_CodeSignature/CodeResources ... 
2017-10-29 06:33:50 +0000  32170 bytes for ./_CodeSignature/CodeResources
copying file ./addAddressTableViewCell.nib ... 
2017-10-29 06:33:50 +0000  3143 bytes for ./addAddressTableViewCell.nib
copying file ./AddMyCarViewController.nib ... 
2017-10-29 06:33:50 +0000  10538 bytes for ./AddMyCarViewController.nib
copying file ./AddressManageTableViewCell.nib ... 
11165 bytes for ./AddressManageTableViewCell.nib
2017-10-29 06:33:50 +0000  copying file ./AlipaySDK.bundle/bar@2x.png ... 
2017-10-29 06:33:50 +0000  1011 bytes for ./AlipaySDK.bundle/bar@2x.png
copying file ./AlipaySDK.bundle/refresh@2x.png ... 
605 bytes for ./AlipaySDK.bundle/refresh@2x.png
copying file ./AlipaySDK.bundle/refresh_click@2x.png ... 
2017-10-29 06:33:50 +0000  1824 bytes for ./AlipaySDK.bundle/refresh_click@2x.png
copying file ./AlipaySDK.bundle/shutdown@2x.png ... 
2017-10-29 06:33:50 +0000  222 bytes for ./AlipaySDK.bundle/shutdown@2x.png
copying file ./AlipaySDK.bundle/shutdown_click@2x.png ... 
2017-10-29 06:33:50 +0000  1319 bytes for ./AlipaySDK.bundle/shutdown_click@2x.png
copying file ./AppIcon20x20@2x.png ... 
2017-10-29 06:33:50 +0000  7023 bytes for ./AppIcon20x20@2x.png
copying file ./AppIcon20x20@3x.png ... 
2017-10-29 06:33:50 +0000  8504 bytes for ./AppIcon20x20@3x.png
copying file ./AppIcon29x29@2x.png ... 
8402 bytes for ./AppIcon29x29@2x.png
copying file ./AppIcon29x29@3x.png ... 
2017-10-29 06:33:50 +0000  10515 bytes for ./AppIcon29x29@3x.png
copying file ./AppIcon40x40@2x.png ... 
2017-10-29 06:33:50 +0000  9914 bytes for ./AppIcon40x40@2x.png
copying file ./AppIcon40x40@3x.png ... 
13237 bytes for ./AppIcon40x40@3x.png
copying file ./AppIcon60x60@2x.png ... 
13237 bytes for ./AppIcon60x60@2x.png
copying file ./AppIcon60x60@3x.png ... 
2017-10-29 06:33:50 +0000  16824 bytes for ./AppIcon60x60@3x.png
copying file ./ApplyInformationOneTableViewCell.nib ... 
5561 bytes for ./ApplyInformationOneTableViewCell.nib
copying file ./ApplyInformationTwoTableViewCell.nib ... 
2017-10-29 06:33:50 +0000  7680 bytes for ./ApplyInformationTwoTableViewCell.nib
copying file ./archived-expanded-entitlements.xcent ... 
380 bytes for ./archived-expanded-entitlements.xcent
copying file ./Assets.car ... 
2017-10-29 06:33:51 +0000  10407888 bytes for ./Assets.car
2017-10-29 06:33:51 +0000  copying file ./Base.lproj/LaunchScreen.storyboardc/01J-lp-oVM-view-Ze5-6b-2t3.nib ... 
1790 bytes for ./Base.lproj/LaunchScreen.storyboardc/01J-lp-oVM-view-Ze5-6b-2t3.nib
copying file ./Base.lproj/LaunchScreen.storyboardc/Info.plist ... 
258 bytes for ./Base.lproj/LaunchScreen.storyboardc/Info.plist
copying file ./Base.lproj/LaunchScreen.storyboardc/UIViewController-01J-lp-oVM.nib ... 
832 bytes for ./Base.lproj/LaunchScreen.storyboardc/UIViewController-01J-lp-oVM.nib
copying file ./Base.lproj/MYYMyOrterTableViewCell.nib ... 
4689 bytes for ./Base.lproj/MYYMyOrterTableViewCell.nib
copying file ./BRCity.plist ... 
132262 bytes for ./BRCity.plist
copying file ./ChargingViewTableViewCell.nib ... 
7816 bytes for ./ChargingViewTableViewCell.nib
copying file ./chongdiand.gif ... 
1136108 bytes for ./chongdiand.gif
copying file ./editOneTableViewCell.nib ... 
6647 bytes for ./editOneTableViewCell.nib
copying file ./editTwoTableViewCell.nib ... 
8668 bytes for ./editTwoTableViewCell.nib
copying file ./embedded.mobileprovision ... 
10326 bytes for ./embedded.mobileprovision
copying file ./IconsCollectionViewCell.nib ... 
3815 bytes for ./IconsCollectionViewCell.nib
copying file ./Info.plist ... 
2597 bytes for ./Info.plist
copying file ./IQKeyboardManager.bundle/de.lproj/IQKeyboardManager.strings ... 
489 bytes for ./IQKeyboardManager.bundle/de.lproj/IQKeyboardManager.strings
copying file ./IQKeyboardManager.bundle/en.lproj/IQKeyboardManager.strings ... 
474 bytes for ./IQKeyboardManager.bundle/en.lproj/IQKeyboardManager.strings
copying file ./IQKeyboardManager.bundle/es.lproj/IQKeyboardManager.strings ... 
496 bytes for ./IQKeyboardManager.bundle/es.lproj/IQKeyboardManager.strings
copying file ./IQKeyboardManager.bundle/fr.lproj/IQKeyboardManager.strings ... 
497 bytes for ./IQKeyboardManager.bundle/fr.lproj/IQKeyboardManager.strings
copying file ./IQKeyboardManager.bundle/IQButtonBarArrowDown@2x.png ... 
1764 bytes for ./IQKeyboardManager.bundle/IQButtonBarArrowDown@2x.png
copying file ./IQKeyboardManager.bundle/IQButtonBarArrowDown@3x.png ... 
2177 bytes for ./IQKeyboardManager.bundle/IQButtonBarArrowDown@3x.png
copying file ./IQKeyboardManager.bundle/IQButtonBarArrowLeft@2x.png ... 
1793 bytes for ./IQKeyboardManager.bundle/IQButtonBarArrowLeft@2x.png
copying file ./IQKeyboardManager.bundle/IQButtonBarArrowLeft@3x.png ... 
1815 bytes for ./IQKeyboardManager.bundle/IQButtonBarArrowLeft@3x.png
copying file ./IQKeyboardManager.bundle/IQButtonBarArrowRight@2x.png ... 
1786 bytes for ./IQKeyboardManager.bundle/IQButtonBarArrowRight@2x.png
copying file ./IQKeyboardManager.bundle/IQButtonBarArrowRight@3x.png ... 
1844 bytes for ./IQKeyboardManager.bundle/IQButtonBarArrowRight@3x.png
copying file ./IQKeyboardManager.bundle/IQButtonBarArrowUp@2x.png ... 
1769 bytes for ./IQKeyboardManager.bundle/IQButtonBarArrowUp@2x.png
copying file ./IQKeyboardManager.bundle/IQButtonBarArrowUp@3x.png ... 
2164 bytes for ./IQKeyboardManager.bundle/IQButtonBarArrowUp@3x.png
copying file ./IQKeyboardManager.bundle/zh-Hans/IQKeyboardManager.strings ... 
479 bytes for ./IQKeyboardManager.bundle/zh-Hans/IQKeyboardManager.strings
copying file ./IQKeyboardManager.bundle/zh-Hant/IQKeyboardManager.strings ... 
479 bytes for ./IQKeyboardManager.bundle/zh-Hant/IQKeyboardManager.strings
copying file ./LaunchImage-568h@2x.png ... 
1423669 bytes for ./LaunchImage-568h@2x.png
copying file ./LaunchImage-700-568h@2x.png ... 
1423669 bytes for ./LaunchImage-700-568h@2x.png
copying file ./LaunchImage-800-667h@2x.png ... 
1901837 bytes for ./LaunchImage-800-667h@2x.png
copying file ./LaunchImage-800-Portrait-736h@3x.png ... 
4468109 bytes for ./LaunchImage-800-Portrait-736h@3x.png
copying file ./LaunchImage@2x.png ... 
1280923 bytes for ./LaunchImage@2x.png
copying file ./LICENSE ... 
1074 bytes for ./LICENSE
copying file ./MaiBaTe ... 
2017-10-29 06:33:51 +0000  9067936 bytes for ./MaiBaTe
2017-10-29 06:33:51 +0000  /usr/bin/ditto exited with 0
2017-10-29 06:33:51 +0000  copying file ./MingXiTableViewCell.nib ... 
8353 bytes for ./MingXiTableViewCell.nib
copying file ./MJRefresh.bundle/arrow@2x.png ... 
1033 bytes for ./MJRefresh.bundle/arrow@2x.png
copying file ./MJRefresh.bundle/en.lproj/Localizable.strings ... 
1372 bytes for ./MJRefresh.bundle/en.lproj/Localizable.strings
copying file ./MJRefresh.bundle/zh-Hans.lproj/Localizable.strings ... 
1194 bytes for ./MJRefresh.bundle/zh-Hans.lproj/Localizable.strings
copying file ./MJRefresh.bundle/zh-Hant.lproj/Localizable.strings ... 
773 bytes for ./MJRefresh.bundle/zh-Hant.lproj/Localizable.strings
copying file ./MyOrterTableViewCell.nib ... 
6745 bytes for ./MyOrterTableViewCell.nib
copying file ./MYYOrterClassTableViewCell.nib ... 
5153 bytes for ./MYYOrterClassTableViewCell.nib
copying file ./NewAllViewController.nib ... 
2869 bytes for ./NewAllViewController.nib
copying file ./PkgInfo ... 
8 bytes for ./PkgInfo
copying file ./README.txt ... 
1676 bytes for ./README.txt
copying file ./ScoresTableViewCell.nib ... 
4481 bytes for ./ScoresTableViewCell.nib
copying file ./SetTableViewCell.nib ... 
4838 bytes for ./SetTableViewCell.nib
copying file ./ShopCarTableViewCell.nib ... 
9914 bytes for ./ShopCarTableViewCell.nib
copying file ./ShopOrderTableViewCell.nib ... 
6862 bytes for ./ShopOrderTableViewCell.nib
copying file ./SVProgressHUD.bundle/angle-mask.png ... 
1845 bytes for ./SVProgressHUD.bundle/angle-mask.png
copying file ./SVProgressHUD.bundle/angle-mask@2x.png ... 
4893 bytes for ./SVProgressHUD.bundle/angle-mask@2x.png
copying file ./SVProgressHUD.bundle/angle-mask@3x.png ... 
8319 bytes for ./SVProgressHUD.bundle/angle-mask@3x.png
copying file ./SVProgressHUD.bundle/error.png ... 
184 bytes for ./SVProgressHUD.bundle/error.png
copying file ./SVProgressHUD.bundle/error@2x.png ... 
306 bytes for ./SVProgressHUD.bundle/error@2x.png
copying file ./SVProgressHUD.bundle/error@3x.png ... 
398 bytes for ./SVProgressHUD.bundle/error@3x.png
copying file ./SVProgressHUD.bundle/info.png ... 
365 bytes for ./SVProgressHUD.bundle/info.png
copying file ./SVProgressHUD.bundle/info@2x.png ... 
816 bytes for ./SVProgressHUD.bundle/info@2x.png
copying file ./SVProgressHUD.bundle/info@3x.png ... 
1200 bytes for ./SVProgressHUD.bundle/info@3x.png
copying file ./SVProgressHUD.bundle/success.png ... 
262 bytes for ./SVProgressHUD.bundle/success.png
copying file ./SVProgressHUD.bundle/success@2x.png ... 
462 bytes for ./SVProgressHUD.bundle/success@2x.png
copying file ./SVProgressHUD.bundle/success@3x.png ... 
714 bytes for ./SVProgressHUD.bundle/success@3x.png
copying file ./TagCollectionViewCell.nib ... 
3104 bytes for ./TagCollectionViewCell.nib
copying file ./TencentOpenApi_IOS_Bundle.bundle/error.png ... 
1578 bytes for ./TencentOpenApi_IOS_Bundle.bundle/error.png
copying file ./TencentOpenApi_IOS_Bundle.bundle/Info.plist ... 
589 bytes for ./TencentOpenApi_IOS_Bundle.bundle/Info.plist
copying file ./TencentOpenApi_IOS_Bundle.bundle/local.html ... 
4556 bytes for ./TencentOpenApi_IOS_Bundle.bundle/local.html
copying file ./TencentOpenApi_IOS_Bundle.bundle/qqicon.png ... 
1855 bytes for ./TencentOpenApi_IOS_Bundle.bundle/qqicon.png
copying file ./TencentOpenApi_IOS_Bundle.bundle/success.png ... 
1761 bytes for ./TencentOpenApi_IOS_Bundle.bundle/success.png
copying file ./TiXianRecordCell.nib ... 
7681 bytes for ./TiXianRecordCell.nib
copying file ./XiaoFeiTableViewCell.nib ... 
7192 bytes for ./XiaoFeiTableViewCell.nib
copying file ./xml.txt ... 
437 bytes for ./xml.txt
copying file ./YHJlingquTableViewCell.nib ... 
6963 bytes for ./YHJlingquTableViewCell.nib
copying file ./YouHuiJuanTableViewCell.nib ... 
5282 bytes for ./YouHuiJuanTableViewCell.nib
copying file ./充电中.gif ... 
17939 bytes for ./充电中.gif
copying file ./扫描.gif ... 
3951 bytes for ./扫描.gif
copying file ./提示音.mp3 ... 
15609 bytes for ./提示音.mp3
2017-10-29 06:33:51 +0000  Processing step: IDEDistributionEmbedProfileStep
2017-10-29 06:33:51 +0000  Processing step: IDEDistributionAppThinningPlistStep
2017-10-29 06:33:51 +0000  Skipping step: IDEDistributionAppThinningPlistStep because it said so
2017-10-29 06:33:51 +0000  Processing step: IDEDistributionCompileBitcodeStep
2017-10-29 06:33:51 +0000  Skipping step: IDEDistributionCompileBitcodeStep because it said so
2017-10-29 06:33:51 +0000  Processing step: IDEDistributionCodeSlimmingStep
2017-10-29 06:33:51 +0000  Processing step: IDEDistributionCopyBCSymbolMapsStep
2017-10-29 06:33:51 +0000  Skipping step: IDEDistributionCopyBCSymbolMapsStep because it said so
2017-10-29 06:33:51 +0000  Processing step: IDEDistributionSymbolsStep
2017-10-29 06:33:51 +0000  Skipping step: IDEDistributionSymbolsStep because it said so
2017-10-29 06:33:51 +0000  Processing step: IDEDistributionAppThinningStep
2017-10-29 06:33:51 +0000  Skipping step: IDEDistributionAppThinningStep because it said so
2017-10-29 06:33:51 +0000  Processing step: IDEDistributionODRStep
2017-10-29 06:33:51 +0000  Processing step: IDEDistributionStripXattrsStep
2017-10-29 06:33:51 +0000  Running /usr/bin/xattr '-cr' '/var/folders/kn/ckf672752fl2z368n7nsk0x40000gn/T/XcodeDistPipeline.sd8/Root/Payload/MaiBaTe.app'
2017-10-29 06:33:53 +0000  /usr/bin/xattr exited with 0
2017-10-29 06:33:53 +0000  Processing step: IDEDistributionCodesignStep
2017-10-29 06:33:53 +0000  Applying entitlements delta for <IDEDistributionItem: 0x7f8aa3585540 'com.lianxiang.maibate' '<DVTFilePath:0x7f8a880eb640:'/Users/apple/Library/Developer/Xcode/Archives/2017-10-29/MaiBaTe 2017-10-29 下午2.33.xcarchive/Products/Applications/MaiBaTe.app'>'> from <IDEiCloudEntitlementsProcessor: 0x7f8a9b663190>: {
}
2017-10-29 06:33:53 +0000  Entitlements for <IDEDistributionItem: 0x7f8aa3585540 'com.lianxiang.maibate' '<DVTFilePath:0x7f8a880eb640:'/Users/apple/Library/Developer/Xcode/Archives/2017-10-29/MaiBaTe 2017-10-29 下午2.33.xcarchive/Products/Applications/MaiBaTe.app'>'>: {
    "application-identifier" = "5M43B9PR5H.com.lianxiang.maibate";
    "com.apple.developer.team-identifier" = 5M43B9PR5H;
    "get-task-allow" = 0;
    "keychain-access-groups" =     (
        "5M43B9PR5H.com.lianxiang.maibate"
    );
}
2017-10-29 06:33:53 +0000  Writing entitlements for <IDEDistributionItem: 0x7f8aa3585540 'com.lianxiang.maibate' '<DVTFilePath:0x7f8a880eb640:'/Users/apple/Library/Developer/Xcode/Archives/2017-10-29/MaiBaTe 2017-10-29 下午2.33.xcarchive/Products/Applications/MaiBaTe.app'>'> to: /var/folders/kn/ckf672752fl2z368n7nsk0x40000gn/T/XcodeDistPipeline.sd8/entitlements2bfkAn
2017-10-29 06:33:53 +0000  Running /usr/bin/codesign '-vvv' '--force' '--sign' '38A5066B0717F22651EF20E9F6354D91DBC0BD08' '--preserve-metadata=identifier,flags' '--entitlements' '/var/folders/kn/ckf672752fl2z368n7nsk0x40000gn/T/XcodeDistPipeline.sd8/entitlements2bfkAn' '/var/folders/kn/ckf672752fl2z368n7nsk0x40000gn/T/XcodeDistPipeline.sd8/Root/Payload/MaiBaTe.app'
2017-10-29 06:33:53 +0000  /var/folders/kn/ckf672752fl2z368n7nsk0x40000gn/T/XcodeDistPipeline.sd8/Root/Payload/MaiBaTe.app: replacing existing signature
2017-10-29 06:33:54 +0000  /var/folders/kn/ckf672752fl2z368n7nsk0x40000gn/T/XcodeDistPipeline.sd8/Root/Payload/MaiBaTe.app: signed app bundle with Mach-O universal (armv7 arm64) [com.lianxiang.maibate]
2017-10-29 06:33:54 +0000  /usr/bin/codesign exited with 0
2017-10-29 06:33:54 +0000  Processing step: IDEDistributionStreamingZipItemStep
2017-10-29 06:33:54 +0000  Skipping step: IDEDistributionStreamingZipItemStep because it said so
2017-10-29 06:33:54 +0000  Processing step: IDEDistributionCreateIPAStep
2017-10-29 06:33:54 +0000  Running /usr/bin/ditto '-V' '-c' '-k' '--norsrc' '/var/folders/kn/ckf672752fl2z368n7nsk0x40000gn/T/XcodeDistPipeline.sd8/Root' '/var/folders/kn/ckf672752fl2z368n7nsk0x40000gn/T/XcodeDistPipeline.sd8/Packages/MaiBaTe.ipa'
2017-10-29 06:33:54 +0000  >>> Copying /var/folders/kn/ckf672752fl2z368n7nsk0x40000gn/T/XcodeDistPipeline.sd8/Root 
2017-10-29 06:33:54 +0000  copying file ./Payload/MaiBaTe.app/_CodeSignature/CodeResources ... 
2017-10-29 06:33:54 +0000  32170 bytes for ./Payload/MaiBaTe.app/_CodeSignature/CodeResources
copying file ./Payload/MaiBaTe.app/addAddressTableViewCell.nib ... 
3143 bytes for ./Payload/MaiBaTe.app/addAddressTableViewCell.nib
copying file ./Payload/MaiBaTe.app/AddMyCarViewController.nib ... 
10538 bytes for ./Payload/MaiBaTe.app/AddMyCarViewController.nib
copying file ./Payload/MaiBaTe.app/AddressManageTableViewCell.nib ... 
11165 bytes for ./Payload/MaiBaTe.app/AddressManageTableViewCell.nib
copying file ./Payload/MaiBaTe.app/AlipaySDK.bundle/bar@2x.png ... 
1011 bytes for ./Payload/MaiBaTe.app/AlipaySDK.bundle/bar@2x.png
copying file ./Payload/MaiBaTe.app/AlipaySDK.bundle/refresh@2x.png ... 
605 bytes for ./Payload/MaiBaTe.app/AlipaySDK.bundle/refresh@2x.png
copying file ./Payload/MaiBaTe.app/AlipaySDK.bundle/refresh_click@2x.png ... 
1824 bytes for ./Payload/MaiBaTe.app/AlipaySDK.bundle/refresh_click@2x.png
copying file ./Payload/MaiBaTe.app/AlipaySDK.bundle/shutdown@2x.png ... 
222 bytes for ./Payload/MaiBaTe.app/AlipaySDK.bundle/shutdown@2x.png
copying file ./Payload/MaiBaTe.app/AlipaySDK.bundle/shutdown_click@2x.png ... 
1319 bytes for ./Payload/MaiBaTe.app/AlipaySDK.bundle/shutdown_click@2x.png
copying file ./Payload/MaiBaTe.app/AppIcon20x20@2x.png ... 
7023 bytes for ./Payload/MaiBaTe.app/AppIcon20x20@2x.png
copying file ./Payload/MaiBaTe.app/AppIcon20x20@3x.png ... 
8504 bytes for ./Payload/MaiBaTe.app/AppIcon20x20@3x.png
copying file ./Payload/MaiBaTe.app/AppIcon29x29@2x.png ... 
8402 bytes for ./Payload/MaiBaTe.app/AppIcon29x29@2x.png
copying file ./Payload/MaiBaTe.app/AppIcon29x29@3x.png ... 
10515 bytes for ./Payload/MaiBaTe.app/AppIcon29x29@3x.png
copying file ./Payload/MaiBaTe.app/AppIcon40x40@2x.png ... 
9914 bytes for ./Payload/MaiBaTe.app/AppIcon40x40@2x.png
copying file ./Payload/MaiBaTe.app/AppIcon40x40@3x.png ... 
13237 bytes for ./Payload/MaiBaTe.app/AppIcon40x40@3x.png
copying file ./Payload/MaiBaTe.app/AppIcon60x60@2x.png ... 
13237 bytes for ./Payload/MaiBaTe.app/AppIcon60x60@2x.png
copying file ./Payload/MaiBaTe.app/AppIcon60x60@3x.png ... 
16824 bytes for ./Payload/MaiBaTe.app/AppIcon60x60@3x.png
copying file ./Payload/MaiBaTe.app/ApplyInformationOneTableViewCell.nib ... 
5561 bytes for ./Payload/MaiBaTe.app/ApplyInformationOneTableViewCell.nib
copying file ./Payload/MaiBaTe.app/ApplyInformationTwoTableViewCell.nib ... 
7680 bytes for ./Payload/MaiBaTe.app/ApplyInformationTwoTableViewCell.nib
copying file ./Payload/MaiBaTe.app/archived-expanded-entitlements.xcent ... 
380 bytes for ./Payload/MaiBaTe.app/archived-expanded-entitlements.xcent
copying file ./Payload/MaiBaTe.app/Assets.car ... 
2017-10-29 06:33:54 +0000  10407888 bytes for ./Payload/MaiBaTe.app/Assets.car
2017-10-29 06:33:54 +0000  copying file ./Payload/MaiBaTe.app/Base.lproj/LaunchScreen.storyboardc/01J-lp-oVM-view-Ze5-6b-2t3.nib ... 
1790 bytes for ./Payload/MaiBaTe.app/Base.lproj/LaunchScreen.storyboardc/01J-lp-oVM-view-Ze5-6b-2t3.nib
copying file ./Payload/MaiBaTe.app/Base.lproj/LaunchScreen.storyboardc/Info.plist ... 
2017-10-29 06:33:54 +0000  258 bytes for ./Payload/MaiBaTe.app/Base.lproj/LaunchScreen.storyboardc/Info.plist
copying file ./Payload/MaiBaTe.app/Base.lproj/LaunchScreen.storyboardc/UIViewController-01J-lp-oVM.nib ... 
832 bytes for ./Payload/MaiBaTe.app/Base.lproj/LaunchScreen.storyboardc/UIViewController-01J-lp-oVM.nib
copying file ./Payload/MaiBaTe.app/Base.lproj/MYYMyOrterTableViewCell.nib ... 
2017-10-29 06:33:54 +0000  4689 bytes for ./Payload/MaiBaTe.app/Base.lproj/MYYMyOrterTableViewCell.nib
copying file ./Payload/MaiBaTe.app/BRCity.plist ... 
2017-10-29 06:33:54 +0000  132262 bytes for ./Payload/MaiBaTe.app/BRCity.plist
copying file ./Payload/MaiBaTe.app/ChargingViewTableViewCell.nib ... 
2017-10-29 06:33:54 +0000  7816 bytes for ./Payload/MaiBaTe.app/ChargingViewTableViewCell.nib
2017-10-29 06:33:54 +0000  copying file ./Payload/MaiBaTe.app/chongdiand.gif ... 
2017-10-29 06:33:54 +0000  1136108 bytes for ./Payload/MaiBaTe.app/chongdiand.gif
copying file ./Payload/MaiBaTe.app/editOneTableViewCell.nib ... 
2017-10-29 06:33:54 +0000  6647 bytes for ./Payload/MaiBaTe.app/editOneTableViewCell.nib
copying file ./Payload/MaiBaTe.app/editTwoTableViewCell.nib ... 
2017-10-29 06:33:54 +0000  8668 bytes for ./Payload/MaiBaTe.app/editTwoTableViewCell.nib
copying file ./Payload/MaiBaTe.app/embedded.mobileprovision ... 
2017-10-29 06:33:54 +0000  9511 bytes for ./Payload/MaiBaTe.app/embedded.mobileprovision
2017-10-29 06:33:54 +0000  copying file ./Payload/MaiBaTe.app/IconsCollectionViewCell.nib ... 
3815 bytes for ./Payload/MaiBaTe.app/IconsCollectionViewCell.nib
copying file ./Payload/MaiBaTe.app/Info.plist ... 
2017-10-29 06:33:54 +0000  2597 bytes for ./Payload/MaiBaTe.app/Info.plist
copying file ./Payload/MaiBaTe.app/IQKeyboardManager.bundle/de.lproj/IQKeyboardManager.strings ... 
2017-10-29 06:33:54 +0000  489 bytes for ./Payload/MaiBaTe.app/IQKeyboardManager.bundle/de.lproj/IQKeyboardManager.strings
copying file ./Payload/MaiBaTe.app/IQKeyboardManager.bundle/en.lproj/IQKeyboardManager.strings ... 
474 bytes for ./Payload/MaiBaTe.app/IQKeyboardManager.bundle/en.lproj/IQKeyboardManager.strings
copying file ./Payload/MaiBaTe.app/IQKeyboardManager.bundle/es.lproj/IQKeyboardManager.strings ... 
2017-10-29 06:33:54 +0000  496 bytes for ./Payload/MaiBaTe.app/IQKeyboardManager.bundle/es.lproj/IQKeyboardManager.strings
copying file ./Payload/MaiBaTe.app/IQKeyboardManager.bundle/fr.lproj/IQKeyboardManager.strings ... 
497 bytes for ./Payload/MaiBaTe.app/IQKeyboardManager.bundle/fr.lproj/IQKeyboardManager.strings
copying file ./Payload/MaiBaTe.app/IQKeyboardManager.bundle/IQButtonBarArrowDown@2x.png ... 
2017-10-29 06:33:54 +0000  1764 bytes for ./Payload/MaiBaTe.app/IQKeyboardManager.bundle/IQButtonBarArrowDown@2x.png
copying file ./Payload/MaiBaTe.app/IQKeyboardManager.bundle/IQButtonBarArrowDown@3x.png ... 
2017-10-29 06:33:54 +0000  2177 bytes for ./Payload/MaiBaTe.app/IQKeyboardManager.bundle/IQButtonBarArrowDown@3x.png
copying file ./Payload/MaiBaTe.app/IQKeyboardManager.bundle/IQButtonBarArrowLeft@2x.png ... 
1793 bytes for ./Payload/MaiBaTe.app/IQKeyboardManager.bundle/IQButtonBarArrowLeft@2x.png
copying file ./Payload/MaiBaTe.app/IQKeyboardManager.bundle/IQButtonBarArrowLeft@3x.png ... 
2017-10-29 06:33:54 +0000  1815 bytes for ./Payload/MaiBaTe.app/IQKeyboardManager.bundle/IQButtonBarArrowLeft@3x.png
copying file ./Payload/MaiBaTe.app/IQKeyboardManager.bundle/IQButtonBarArrowRight@2x.png ... 
1786 bytes for ./Payload/MaiBaTe.app/IQKeyboardManager.bundle/IQButtonBarArrowRight@2x.png
copying file ./Payload/MaiBaTe.app/IQKeyboardManager.bundle/IQButtonBarArrowRight@3x.png ... 
2017-10-29 06:33:54 +0000  1844 bytes for ./Payload/MaiBaTe.app/IQKeyboardManager.bundle/IQButtonBarArrowRight@3x.png
copying file ./Payload/MaiBaTe.app/IQKeyboardManager.bundle/IQButtonBarArrowUp@2x.png ... 
1769 bytes for ./Payload/MaiBaTe.app/IQKeyboardManager.bundle/IQButtonBarArrowUp@2x.png
copying file ./Payload/MaiBaTe.app/IQKeyboardManager.bundle/IQButtonBarArrowUp@3x.png ... 
2017-10-29 06:33:54 +0000  2164 bytes for ./Payload/MaiBaTe.app/IQKeyboardManager.bundle/IQButtonBarArrowUp@3x.png
copying file ./Payload/MaiBaTe.app/IQKeyboardManager.bundle/zh-Hans/IQKeyboardManager.strings ... 
479 bytes for ./Payload/MaiBaTe.app/IQKeyboardManager.bundle/zh-Hans/IQKeyboardManager.strings
copying file ./Payload/MaiBaTe.app/IQKeyboardManager.bundle/zh-Hant/IQKeyboardManager.strings ... 
2017-10-29 06:33:54 +0000  479 bytes for ./Payload/MaiBaTe.app/IQKeyboardManager.bundle/zh-Hant/IQKeyboardManager.strings
copying file ./Payload/MaiBaTe.app/LaunchImage-568h@2x.png ... 
2017-10-29 06:33:54 +0000  1423669 bytes for ./Payload/MaiBaTe.app/LaunchImage-568h@2x.png
copying file ./Payload/MaiBaTe.app/LaunchImage-700-568h@2x.png ... 
2017-10-29 06:33:54 +0000  1423669 bytes for ./Payload/MaiBaTe.app/LaunchImage-700-568h@2x.png
2017-10-29 06:33:54 +0000  copying file ./Payload/MaiBaTe.app/LaunchImage-800-667h@2x.png ... 
2017-10-29 06:33:54 +0000  1901837 bytes for ./Payload/MaiBaTe.app/LaunchImage-800-667h@2x.png
copying file ./Payload/MaiBaTe.app/LaunchImage-800-Portrait-736h@3x.png ... 
2017-10-29 06:33:55 +0000  4468109 bytes for ./Payload/MaiBaTe.app/LaunchImage-800-Portrait-736h@3x.png
copying file ./Payload/MaiBaTe.app/LaunchImage@2x.png ... 
2017-10-29 06:33:55 +0000  1280923 bytes for ./Payload/MaiBaTe.app/LaunchImage@2x.png
copying file ./Payload/MaiBaTe.app/LICENSE ... 
2017-10-29 06:33:55 +0000  1074 bytes for ./Payload/MaiBaTe.app/LICENSE
copying file ./Payload/MaiBaTe.app/MaiBaTe ... 
2017-10-29 06:33:55 +0000  9067952 bytes for ./Payload/MaiBaTe.app/MaiBaTe
copying file ./Payload/MaiBaTe.app/MingXiTableViewCell.nib ... 
2017-10-29 06:33:55 +0000  8353 bytes for ./Payload/MaiBaTe.app/MingXiTableViewCell.nib
2017-10-29 06:33:55 +0000  copying file ./Payload/MaiBaTe.app/MJRefresh.bundle/arrow@2x.png ... 
1033 bytes for ./Payload/MaiBaTe.app/MJRefresh.bundle/arrow@2x.png
copying file ./Payload/MaiBaTe.app/MJRefresh.bundle/en.lproj/Localizable.strings ... 
1372 bytes for ./Payload/MaiBaTe.app/MJRefresh.bundle/en.lproj/Localizable.strings
copying file ./Payload/MaiBaTe.app/MJRefresh.bundle/zh-Hans.lproj/Localizable.strings ... 
1194 bytes for ./Payload/MaiBaTe.app/MJRefresh.bundle/zh-Hans.lproj/Localizable.strings
copying file ./Payload/MaiBaTe.app/MJRefresh.bundle/zh-Hant.lproj/Localizable.strings ... 
773 bytes for ./Payload/MaiBaTe.app/MJRefresh.bundle/zh-Hant.lproj/Localizable.strings
copying file ./Payload/MaiBaTe.app/MyOrterTableViewCell.nib ... 
2017-10-29 06:33:55 +0000  6745 bytes for ./Payload/MaiBaTe.app/MyOrterTableViewCell.nib
copying file ./Payload/MaiBaTe.app/MYYOrterClassTableViewCell.nib ... 
2017-10-29 06:33:55 +0000  5153 bytes for ./Payload/MaiBaTe.app/MYYOrterClassTableViewCell.nib
copying file ./Payload/MaiBaTe.app/NewAllViewController.nib ... 
2017-10-29 06:33:55 +0000  2869 bytes for ./Payload/MaiBaTe.app/NewAllViewController.nib
copying file ./Payload/MaiBaTe.app/PkgInfo ... 
2017-10-29 06:33:55 +0000  8 bytes for ./Payload/MaiBaTe.app/PkgInfo
copying file ./Payload/MaiBaTe.app/README.txt ... 
1676 bytes for ./Payload/MaiBaTe.app/README.txt
copying file ./Payload/MaiBaTe.app/ScoresTableViewCell.nib ... 
2017-10-29 06:33:55 +0000  4481 bytes for ./Payload/MaiBaTe.app/ScoresTableViewCell.nib
copying file ./Payload/MaiBaTe.app/SetTableViewCell.nib ... 
2017-10-29 06:33:55 +0000  4838 bytes for ./Payload/MaiBaTe.app/SetTableViewCell.nib
copying file ./Payload/MaiBaTe.app/ShopCarTableViewCell.nib ... 
2017-10-29 06:33:55 +0000  9914 bytes for ./Payload/MaiBaTe.app/ShopCarTableViewCell.nib
copying file ./Payload/MaiBaTe.app/ShopOrderTableViewCell.nib ... 
2017-10-29 06:33:55 +0000  6862 bytes for ./Payload/MaiBaTe.app/ShopOrderTableViewCell.nib
2017-10-29 06:33:55 +0000  copying file ./Payload/MaiBaTe.app/SVProgressHUD.bundle/angle-mask.png ... 
1845 bytes for ./Payload/MaiBaTe.app/SVProgressHUD.bundle/angle-mask.png
copying file ./Payload/MaiBaTe.app/SVProgressHUD.bundle/angle-mask@2x.png ... 
2017-10-29 06:33:55 +0000  4893 bytes for ./Payload/MaiBaTe.app/SVProgressHUD.bundle/angle-mask@2x.png
copying file ./Payload/MaiBaTe.app/SVProgressHUD.bundle/angle-mask@3x.png ... 
2017-10-29 06:33:55 +0000  8319 bytes for ./Payload/MaiBaTe.app/SVProgressHUD.bundle/angle-mask@3x.png
copying file ./Payload/MaiBaTe.app/SVProgressHUD.bundle/error.png ... 
184 bytes for ./Payload/MaiBaTe.app/SVProgressHUD.bundle/error.png
copying file ./Payload/MaiBaTe.app/SVProgressHUD.bundle/error@2x.png ... 
2017-10-29 06:33:55 +0000  306 bytes for ./Payload/MaiBaTe.app/SVProgressHUD.bundle/error@2x.png
copying file ./Payload/MaiBaTe.app/SVProgressHUD.bundle/error@3x.png ... 
398 bytes for ./Payload/MaiBaTe.app/SVProgressHUD.bundle/error@3x.png
copying file ./Payload/MaiBaTe.app/SVProgressHUD.bundle/info.png ... 
2017-10-29 06:33:55 +0000  365 bytes for ./Payload/MaiBaTe.app/SVProgressHUD.bundle/info.png
copying file ./Payload/MaiBaTe.app/SVProgressHUD.bundle/info@2x.png ... 
816 bytes for ./Payload/MaiBaTe.app/SVProgressHUD.bundle/info@2x.png
copying file ./Payload/MaiBaTe.app/SVProgressHUD.bundle/info@3x.png ... 
2017-10-29 06:33:55 +0000  1200 bytes for ./Payload/MaiBaTe.app/SVProgressHUD.bundle/info@3x.png
copying file ./Payload/MaiBaTe.app/SVProgressHUD.bundle/success.png ... 
262 bytes for ./Payload/MaiBaTe.app/SVProgressHUD.bundle/success.png
copying file ./Payload/MaiBaTe.app/SVProgressHUD.bundle/success@2x.png ... 
462 bytes for ./Payload/MaiBaTe.app/SVProgressHUD.bundle/success@2x.png
copying file ./Payload/MaiBaTe.app/SVProgressHUD.bundle/success@3x.png ... 
2017-10-29 06:33:55 +0000  714 bytes for ./Payload/MaiBaTe.app/SVProgressHUD.bundle/success@3x.png
copying file ./Payload/MaiBaTe.app/TagCollectionViewCell.nib ... 
2017-10-29 06:33:55 +0000  3104 bytes for ./Payload/MaiBaTe.app/TagCollectionViewCell.nib
copying file ./Payload/MaiBaTe.app/TencentOpenApi_IOS_Bundle.bundle/error.png ... 
1578 bytes for ./Payload/MaiBaTe.app/TencentOpenApi_IOS_Bundle.bundle/error.png
copying file ./Payload/MaiBaTe.app/TencentOpenApi_IOS_Bundle.bundle/Info.plist ... 
2017-10-29 06:33:55 +0000  589 bytes for ./Payload/MaiBaTe.app/TencentOpenApi_IOS_Bundle.bundle/Info.plist
copying file ./Payload/MaiBaTe.app/TencentOpenApi_IOS_Bundle.bundle/local.html ... 
4556 bytes for ./Payload/MaiBaTe.app/TencentOpenApi_IOS_Bundle.bundle/local.html
copying file ./Payload/MaiBaTe.app/TencentOpenApi_IOS_Bundle.bundle/qqicon.png ... 
2017-10-29 06:33:55 +0000  1855 bytes for ./Payload/MaiBaTe.app/TencentOpenApi_IOS_Bundle.bundle/qqicon.png
copying file ./Payload/MaiBaTe.app/TencentOpenApi_IOS_Bundle.bundle/success.png ... 
1761 bytes for ./Payload/MaiBaTe.app/TencentOpenApi_IOS_Bundle.bundle/success.png
copying file ./Payload/MaiBaTe.app/TiXianRecordCell.nib ... 
2017-10-29 06:33:55 +0000  7681 bytes for ./Payload/MaiBaTe.app/TiXianRecordCell.nib
copying file ./Payload/MaiBaTe.app/XiaoFeiTableViewCell.nib ... 
2017-10-29 06:33:55 +0000  7192 bytes for ./Payload/MaiBaTe.app/XiaoFeiTableViewCell.nib
copying file ./Payload/MaiBaTe.app/xml.txt ... 
2017-10-29 06:33:55 +0000  437 bytes for ./Payload/MaiBaTe.app/xml.txt
copying file ./Payload/MaiBaTe.app/YHJlingquTableViewCell.nib ... 
2017-10-29 06:33:55 +0000  6963 bytes for ./Payload/MaiBaTe.app/YHJlingquTableViewCell.nib
copying file ./Payload/MaiBaTe.app/YouHuiJuanTableViewCell.nib ... 
2017-10-29 06:33:55 +0000  5282 bytes for ./Payload/MaiBaTe.app/YouHuiJuanTableViewCell.nib
copying file ./Payload/MaiBaTe.app/充电中.gif ... 
2017-10-29 06:33:55 +0000  17939 bytes for ./Payload/MaiBaTe.app/充电中.gif
2017-10-29 06:33:55 +0000  copying file ./Payload/MaiBaTe.app/扫描.gif ... 
3951 bytes for ./Payload/MaiBaTe.app/扫描.gif
copying file ./Payload/MaiBaTe.app/提示音.mp3 ... 
15609 bytes for ./Payload/MaiBaTe.app/提示音.mp3
2017-10-29 06:33:55 +0000  /usr/bin/ditto exited with 0
2017-10-29 06:33:55 +0000  Processing step: IDEDistributionCreateManifestStep
